<?xml version="1.0" encoding="UTF-8"?>
<!-- Generated by org.testng.reporters.JUnitReportReporter -->
<testsuite hostname="LIN66008841" failures="0" tests="1" name="testcases.TestCase1" time="11.062" errors="0" timestamp="2024-06-05T12:20:20 IST" skipped="0">
  <testcase classname="testcases.TestCase1" name="testCase1" time="11.062"/>
</testsuite> <!-- testcases.TestCase1 -->
